C:\USERS\ING_TEST\DESKTOP\BANCOOTTICOWESTAR - DLL\1590SWP110 - LIBRARY BANCO 2\STTELIB\DEBUG\STTELIB.EXE
C:\Users\ING_TEST\Desktop\BancoOtticoWestar - DLL\1590SWP110 - Library Banco 2\STTELib\Debug\STTELib.exp
C:\USERS\ING_TEST\DESKTOP\BANCOOTTICOWESTAR - DLL\1590SWP110 - LIBRARY BANCO 2\STTELIB\DEBUG\STTELIB.ILK
C:\Users\ING_TEST\Desktop\BancoOtticoWestar - DLL\1590SWP110 - Library Banco 2\STTELib\Debug\STTELib.lib
C:\USERS\ING_TEST\DESKTOP\BANCOOTTICOWESTAR - DLL\1590SWP110 - LIBRARY BANCO 2\STTELIB\DEBUG\STTELIB.PDB
C:\Users\ING_TEST\Desktop\BancoOtticoWestar - DLL\1590SWP110 - Library Banco 2\STTELib\STTELib\Debug\cl.command.1.tlog
C:\Users\ING_TEST\Desktop\BancoOtticoWestar - DLL\1590SWP110 - Library Banco 2\STTELib\STTELib\Debug\CL.read.1.tlog
C:\Users\ING_TEST\Desktop\BancoOtticoWestar - DLL\1590SWP110 - Library Banco 2\STTELib\STTELib\Debug\CL.write.1.tlog
C:\USERS\ING_TEST\DESKTOP\BANCOOTTICOWESTAR - DLL\1590SWP110 - LIBRARY BANCO 2\STTELIB\STTELIB\DEBUG\CLIBCLASS.OBJ
C:\Users\ING_TEST\Desktop\BancoOtticoWestar - DLL\1590SWP110 - Library Banco 2\STTELib\STTELib\Debug\link.command.1.tlog
C:\Users\ING_TEST\Desktop\BancoOtticoWestar - DLL\1590SWP110 - Library Banco 2\STTELib\STTELib\Debug\link.read.1.tlog
C:\Users\ING_TEST\Desktop\BancoOtticoWestar - DLL\1590SWP110 - Library Banco 2\STTELib\STTELib\Debug\link.write.1.tlog
C:\Users\ING_TEST\Desktop\BancoOtticoWestar - DLL\1590SWP110 - Library Banco 2\STTELib\STTELib\Debug\link-cvtres.read.1.tlog
C:\Users\ING_TEST\Desktop\BancoOtticoWestar - DLL\1590SWP110 - Library Banco 2\STTELib\STTELib\Debug\link-cvtres.write.1.tlog
C:\Users\ING_TEST\Desktop\BancoOtticoWestar - DLL\1590SWP110 - Library Banco 2\STTELib\STTELib\Debug\mt.command.1.tlog
C:\Users\ING_TEST\Desktop\BancoOtticoWestar - DLL\1590SWP110 - Library Banco 2\STTELib\STTELib\Debug\mt.read.1.tlog
C:\Users\ING_TEST\Desktop\BancoOtticoWestar - DLL\1590SWP110 - Library Banco 2\STTELib\STTELib\Debug\mt.write.1.tlog
C:\Users\ING_TEST\Desktop\BancoOtticoWestar - DLL\1590SWP110 - Library Banco 2\STTELib\STTELib\Debug\rc.command.1.tlog
C:\Users\ING_TEST\Desktop\BancoOtticoWestar - DLL\1590SWP110 - Library Banco 2\STTELib\STTELib\Debug\rc.read.1.tlog
C:\Users\ING_TEST\Desktop\BancoOtticoWestar - DLL\1590SWP110 - Library Banco 2\STTELib\STTELib\Debug\rc.write.1.tlog
C:\USERS\ING_TEST\DESKTOP\BANCOOTTICOWESTAR - DLL\1590SWP110 - LIBRARY BANCO 2\STTELIB\STTELIB\DEBUG\SERVERTCPMNG.OBJ
C:\USERS\ING_TEST\DESKTOP\BANCOOTTICOWESTAR - DLL\1590SWP110 - LIBRARY BANCO 2\STTELIB\STTELIB\DEBUG\STDAFX.OBJ
C:\USERS\ING_TEST\DESKTOP\BANCOOTTICOWESTAR - DLL\1590SWP110 - LIBRARY BANCO 2\STTELIB\STTELIB\DEBUG\STTELIB.EXE.EMBED.MANIFEST
C:\USERS\ING_TEST\DESKTOP\BANCOOTTICOWESTAR - DLL\1590SWP110 - LIBRARY BANCO 2\STTELIB\STTELIB\DEBUG\STTELIB.EXE.EMBED.MANIFEST.RES
C:\USERS\ING_TEST\DESKTOP\BANCOOTTICOWESTAR - DLL\1590SWP110 - LIBRARY BANCO 2\STTELIB\STTELIB\DEBUG\STTELIB.EXE.INTERMEDIATE.MANIFEST
C:\USERS\ING_TEST\DESKTOP\BANCOOTTICOWESTAR - DLL\1590SWP110 - LIBRARY BANCO 2\STTELIB\STTELIB\DEBUG\STTELIB.OBJ
C:\USERS\ING_TEST\DESKTOP\BANCOOTTICOWESTAR - DLL\1590SWP110 - LIBRARY BANCO 2\STTELIB\STTELIB\DEBUG\STTELIB.PCH
C:\USERS\ING_TEST\DESKTOP\BANCOOTTICOWESTAR - DLL\1590SWP110 - LIBRARY BANCO 2\STTELIB\STTELIB\DEBUG\STTELIB.RES
C:\Users\ING_TEST\Desktop\BancoOtticoWestar - DLL\1590SWP110 - Library Banco 2\STTELib\STTELib\Debug\STTELib.write.1.tlog
C:\Users\ING_TEST\Desktop\BancoOtticoWestar - DLL\1590SWP110 - Library Banco 2\STTELib\STTELib\Debug\STTELib_manifest.rc
C:\USERS\ING_TEST\DESKTOP\BANCOOTTICOWESTAR - DLL\1590SWP110 - LIBRARY BANCO 2\STTELIB\STTELIB\DEBUG\STTELIBDLG.OBJ
C:\USERS\ING_TEST\DESKTOP\BANCOOTTICOWESTAR - DLL\1590SWP110 - LIBRARY BANCO 2\STTELIB\STTELIB\DEBUG\THRD.OBJ
C:\Users\ING_TEST\Desktop\BancoOtticoWestar - DLL\1590SWP110 - Library Banco 2\STTELib\STTELib\Debug\vc100.idb
C:\USERS\ING_TEST\DESKTOP\BANCOOTTICOWESTAR - DLL\1590SWP110 - LIBRARY BANCO 2\STTELIB\STTELIB\DEBUG\VC100.PDB
