c:\users\ing_test\desktop\dha5x5\dha5x5_stte_r777\1590swp110 - library banco 2\sttelib\sttelib\x64\release\sttelib.pch
c:\users\ing_test\desktop\dha5x5\dha5x5_stte_r777\1590swp110 - library banco 2\sttelib\sttelib\x64\release\vc142.pdb
c:\users\ing_test\desktop\dha5x5\dha5x5_stte_r777\1590swp110 - library banco 2\sttelib\sttelib\x64\release\stdafx.obj
c:\users\ing_test\desktop\dha5x5\dha5x5_stte_r777\1590swp110 - library banco 2\sttelib\sttelib\x64\release\sttelibdlg.obj
c:\users\ing_test\desktop\dha5x5\dha5x5_stte_r777\1590swp110 - library banco 2\sttelib\sttelib\x64\release\sttelib.obj
c:\users\ing_test\desktop\dha5x5\dha5x5_stte_r777\1590swp110 - library banco 2\sttelib\sttelib\x64\release\thrd.obj
c:\users\ing_test\desktop\dha5x5\dha5x5_stte_r777\1590swp110 - library banco 2\sttelib\sttelib\x64\release\servertcpmng.obj
c:\users\ing_test\desktop\dha5x5\dha5x5_stte_r777\1590swp110 - library banco 2\sttelib\sttelib\x64\release\clibclass.obj
c:\users\ing_test\desktop\dha5x5\dha5x5_stte_r777\1590swp110 - library banco 2\sttelib\x64\release\sttelib.dll
c:\users\ing_test\desktop\dha5x5\dha5x5_stte_r777\1590swp110 - library banco 2\sttelib\sttelib\x64\release\sttelib.ipdb
c:\users\ing_test\desktop\dha5x5\dha5x5_stte_r777\1590swp110 - library banco 2\sttelib\sttelib\x64\release\sttelib.iobj
c:\users\ing_test\desktop\dha5x5\dha5x5_stte_r777\1590swp110 - library banco 2\sttelib\x64\release\sttelib.pdb
c:\users\ing_test\desktop\dha5x5\dha5x5_stte_r777\1590swp110 - library banco 2\sttelib\sttelib\x64\release\sttelib.res
c:\users\ing_test\desktop\dha5x5\dha5x5_stte_r777\1590swp110 - library banco 2\sttelib\x64\release\sttelib.lib
c:\users\ing_test\desktop\dha5x5\dha5x5_stte_r777\1590swp110 - library banco 2\sttelib\x64\release\sttelib.exp
d:\dario\dha\dha5x5_stte_r857_mod\1590swp110 - library banco 2\sttelib\sttelib\x64\release\clibclass.obj
d:\dario\dha\dha5x5_stte_r857_mod\1590swp110 - library banco 2\sttelib\sttelib\x64\release\servertcpmng.obj
d:\dario\dha\dha5x5_stte_r857_mod\1590swp110 - library banco 2\sttelib\sttelib\x64\release\stdafx.obj
d:\dario\dha\dha5x5_stte_r857_mod\1590swp110 - library banco 2\sttelib\sttelib\x64\release\sttelib.obj
d:\dario\dha\dha5x5_stte_r857_mod\1590swp110 - library banco 2\sttelib\sttelib\x64\release\sttelibdlg.obj
d:\dario\dha\dha5x5_stte_r857_mod\1590swp110 - library banco 2\sttelib\sttelib\x64\release\thrd.obj
d:\dario\dha\dha5x5_stte_r857_mod\1590swp110 - library banco 2\sttelib\sttelib\x64\release\sttelib.ipdb
d:\dario\dha\dha5x5_stte_r857_mod\1590swp110 - library banco 2\sttelib\sttelib\x64\release\sttelib.iobj
d:\dario\dha\dha5x5_stte_r857_mod\1590swp110 - library banco 2\sttelib\sttelib\x64\release\sttelib.res
d:\dario\dha\dha5x5_stte_r857_mod\1590swp110 - library banco 2\sttelib\sttelib\x64\release\sttelib.pch
d:\dario\dha\dha5x5_stte_r857_mod\1590swp110 - library banco 2\sttelib\sttelib\x64\release\vc142.pdb
d:\dario\dha\dha5x5_stte_r857_mod\1590swp110 - library banco 2\sttelib\x64\release\sttelib.pdb
d:\dario\dha\dha5x5_stte_r857_mod\1590swp110 - library banco 2\sttelib\x64\release\sttelib.dll
d:\dario\dha\dha5x5_stte_r857_mod\1590swp110 - library banco 2\sttelib\sttelib\x64\release\sttelib.tlog\cl.command.1.tlog
d:\dario\dha\dha5x5_stte_r857_mod\1590swp110 - library banco 2\sttelib\sttelib\x64\release\sttelib.tlog\cl.read.1.tlog
d:\dario\dha\dha5x5_stte_r857_mod\1590swp110 - library banco 2\sttelib\sttelib\x64\release\sttelib.tlog\cl.write.1.tlog
d:\dario\dha\dha5x5_stte_r857_mod\1590swp110 - library banco 2\sttelib\sttelib\x64\release\sttelib.tlog\link.command.1.tlog
d:\dario\dha\dha5x5_stte_r857_mod\1590swp110 - library banco 2\sttelib\sttelib\x64\release\sttelib.tlog\link.read.1.tlog
d:\dario\dha\dha5x5_stte_r857_mod\1590swp110 - library banco 2\sttelib\sttelib\x64\release\sttelib.tlog\link.write.1.tlog
d:\dario\dha\dha5x5_stte_r857_mod\1590swp110 - library banco 2\sttelib\sttelib\x64\release\sttelib.tlog\rc.command.1.tlog
d:\dario\dha\dha5x5_stte_r857_mod\1590swp110 - library banco 2\sttelib\sttelib\x64\release\sttelib.tlog\rc.read.1.tlog
d:\dario\dha\dha5x5_stte_r857_mod\1590swp110 - library banco 2\sttelib\sttelib\x64\release\sttelib.tlog\rc.write.1.tlog
d:\dario\dha\dha5x5_stte_r857_mod\1590swp110 - library banco 2\sttelib\sttelib\x64\release\sttelib.tlog\sttelib.write.1u.tlog
