d:\dario\dha\dha5x5_stte_r857_mod\1590swp110 - library banco 2\sttelib\sttelib\release\sttelib.pch
d:\dario\dha\dha5x5_stte_r857_mod\1590swp110 - library banco 2\sttelib\sttelib\release\vc142.pdb
d:\dario\dha\dha5x5_stte_r857_mod\1590swp110 - library banco 2\sttelib\sttelib\release\stdafx.obj
d:\dario\dha\dha5x5_stte_r857_mod\1590swp110 - library banco 2\sttelib\sttelib\release\sttelibdlg.obj
d:\dario\dha\dha5x5_stte_r857_mod\1590swp110 - library banco 2\sttelib\sttelib\release\sttelib.obj
d:\dario\dha\dha5x5_stte_r857_mod\1590swp110 - library banco 2\sttelib\sttelib\release\thrd.obj
d:\dario\dha\dha5x5_stte_r857_mod\1590swp110 - library banco 2\sttelib\sttelib\release\servertcpmng.obj
d:\dario\dha\dha5x5_stte_r857_mod\1590swp110 - library banco 2\sttelib\sttelib\release\clibclass.obj
d:\dario\dha\dha5x5_stte_r857_mod\1590swp110 - library banco 2\sttelib\release\sttelib.exe
d:\dario\dha\dha5x5_stte_r857_mod\1590swp110 - library banco 2\sttelib\sttelib\release\sttelib.ipdb
d:\dario\dha\dha5x5_stte_r857_mod\1590swp110 - library banco 2\sttelib\sttelib\release\sttelib.iobj
d:\dario\dha\dha5x5_stte_r857_mod\1590swp110 - library banco 2\sttelib\release\sttelib.pdb
d:\dario\dha\dha5x5_stte_r857_mod\1590swp110 - library banco 2\sttelib\sttelib\release\sttelib.res
d:\dario\dha\dha5x5_stte_r857_mod\1590swp110 - library banco 2\sttelib\release\sttelib.lib
d:\dario\dha\dha5x5_stte_r857_mod\1590swp110 - library banco 2\sttelib\release\sttelib.exp
d:\dario\dha\dha5x5_stte_r857_mod\1590swp110 - library banco 2\sttelib\sttelib\release\sttelib.tlog\cl.command.1.tlog
d:\dario\dha\dha5x5_stte_r857_mod\1590swp110 - library banco 2\sttelib\sttelib\release\sttelib.tlog\cl.read.1.tlog
d:\dario\dha\dha5x5_stte_r857_mod\1590swp110 - library banco 2\sttelib\sttelib\release\sttelib.tlog\cl.write.1.tlog
d:\dario\dha\dha5x5_stte_r857_mod\1590swp110 - library banco 2\sttelib\sttelib\release\sttelib.tlog\link.command.1.tlog
d:\dario\dha\dha5x5_stte_r857_mod\1590swp110 - library banco 2\sttelib\sttelib\release\sttelib.tlog\link.read.1.tlog
d:\dario\dha\dha5x5_stte_r857_mod\1590swp110 - library banco 2\sttelib\sttelib\release\sttelib.tlog\link.write.1.tlog
d:\dario\dha\dha5x5_stte_r857_mod\1590swp110 - library banco 2\sttelib\sttelib\release\sttelib.tlog\rc.command.1.tlog
d:\dario\dha\dha5x5_stte_r857_mod\1590swp110 - library banco 2\sttelib\sttelib\release\sttelib.tlog\rc.read.1.tlog
d:\dario\dha\dha5x5_stte_r857_mod\1590swp110 - library banco 2\sttelib\sttelib\release\sttelib.tlog\rc.write.1.tlog
d:\dario\dha\dha5x5_stte_r857_mod\1590swp110 - library banco 2\sttelib\sttelib\release\sttelib.tlog\sttelib.write.1u.tlog
